Determining if the include file pthread.h exists failed with the following output:
Change Dir: D:/programmation/repo_git/ProjectSungine/Sungine_Games/Example/CMakeFiles/CMakeTmp

Run Build Command:"C:/Program Files (x86)/MSBuild/14.0/bin/MSBuild.exe" "cmTC_fff69.vcxproj" "/p:Configuration=Debug" "/p:VisualStudioVersion=14.0"
Microsoft (R) Build Engine, version 14.0.25420.1
Copyright (C) Microsoft Corporation. Tous droits r‚serv‚s.

La g‚n‚ration a d‚marr‚ 24/05/2017 15:03:58.
Projet "D:\programmation\repo_git\ProjectSungine\Sungine_Games\Example\CMakeFiles\CMakeTmp\cmTC_fff69.vcxproj" sur le noud 1 (cibles par d‚faut).
PrepareForBuild:
  Cr‚ation du r‚pertoire "cmTC_fff69.dir\Debug\".
  Cr‚ation du r‚pertoire "D:\programmation\repo_git\ProjectSungine\Sungine_Games\Example\CMakeFiles\CMakeTmp\Debug\".
  Cr‚ation du r‚pertoire "cmTC_fff69.dir\Debug\cmTC_fff69.tlog\".
InitializeBuildStatus:
  Cr‚ation de "cmTC_fff69.dir\Debug\cmTC_fff69.tlog\unsuccessfulbuild", car "AlwaysCreate" a ‚t‚ sp‚cifi‚.
ClCompile:
  D:\Program Files (x86)\Microsoft Visual Studio 14.0\VC\bin\CL.exe /c /Zi /W3 /WX- /Od /Ob0 /Oy- /D WIN32 /D _WINDOWS /D _DEBUG /D "CMAKE_INTDIR=\"Debug\"" /D _MBCS /Gm- /RTC1 /MDd /GS /fp:precise /Zc:wchar_t /Zc:forScope /Zc:inline /Fo"cmTC_fff69.dir\Debug\\" /Fd"cmTC_fff69.dir\Debug\vc140.pdb" /Gd /TC /analyze- /errorReport:queue D:\programmation\repo_git\ProjectSungine\Sungine_Games\Example\CMakeFiles\CMakeTmp\CheckIncludeFile.c
  Compilateur d'optimisation Microsoft (R) C/C++ versionÿ19.00.24215.1 pour x86
  Copyright (C) Microsoft Corporation. Tous droits r‚serv‚s.
  
  cl /c /Zi /W3 /WX- /Od /Ob0 /Oy- /D WIN32 /D _WINDOWS /D _DEBUG /D "CMAKE_INTDIR=\"Debug\"" /D _MBCS /Gm- /RTC1 /MDd /GS /fp:precise /Zc:wchar_t /Zc:forScope /Zc:inline /Fo"cmTC_fff69.dir\Debug\\" /Fd"cmTC_fff69.dir\Debug\vc140.pdb" /Gd /TC /analyze- /errorReport:queue D:\programmation\repo_git\ProjectSungine\Sungine_Games\Example\CMakeFiles\CMakeTmp\CheckIncludeFile.c
  
  CheckIncludeFile.c
D:\programmation\repo_git\ProjectSungine\Sungine_Games\Example\CMakeFiles\CMakeTmp\CheckIncludeFile.c(1): fatal error C1083: Impossible d'ouvrir le fichier includeÿ: 'pthread.h'ÿ: No such file or directory [D:\programmation\repo_git\ProjectSungine\Sungine_Games\Example\CMakeFiles\CMakeTmp\cmTC_fff69.vcxproj]
G‚n‚ration du projet "D:\programmation\repo_git\ProjectSungine\Sungine_Games\Example\CMakeFiles\CMakeTmp\cmTC_fff69.vcxproj" termin‚e (cibles par d‚faut) -- CHEC.

CHEC de la build.

"D:\programmation\repo_git\ProjectSungine\Sungine_Games\Example\CMakeFiles\CMakeTmp\cmTC_fff69.vcxproj" (cible par d‚faut) (1) ->
(ClCompile cible) -> 
  D:\programmation\repo_git\ProjectSungine\Sungine_Games\Example\CMakeFiles\CMakeTmp\CheckIncludeFile.c(1): fatal error C1083: Impossible d'ouvrir le fichier includeÿ: 'pthread.h'ÿ: No such file or directory [D:\programmation\repo_git\ProjectSungine\Sungine_Games\Example\CMakeFiles\CMakeTmp\cmTC_fff69.vcxproj]

    0 Avertissement(s)
    1 Erreur(s)

Temps ‚coul‚ 00:00:00.38


Determining size of off64_t failed with the following output:
Change Dir: D:/programmation/repo_git/ProjectSungine/Sungine_Games/Example/CMakeFiles/CMakeTmp

Run Build Command:"C:/Program Files (x86)/MSBuild/14.0/bin/MSBuild.exe" "cmTC_53a9c.vcxproj" "/p:Configuration=Debug" "/p:VisualStudioVersion=14.0"
Microsoft (R) Build Engine, version 14.0.25420.1
Copyright (C) Microsoft Corporation. Tous droits r‚serv‚s.

La g‚n‚ration a d‚marr‚ 24/05/2017 15:04:01.
Projet "D:\programmation\repo_git\ProjectSungine\Sungine_Games\Example\CMakeFiles\CMakeTmp\cmTC_53a9c.vcxproj" sur le noud 1 (cibles par d‚faut).
PrepareForBuild:
  Cr‚ation du r‚pertoire "cmTC_53a9c.dir\Debug\".
  Cr‚ation du r‚pertoire "D:\programmation\repo_git\ProjectSungine\Sungine_Games\Example\CMakeFiles\CMakeTmp\Debug\".
  Cr‚ation du r‚pertoire "cmTC_53a9c.dir\Debug\cmTC_53a9c.tlog\".
InitializeBuildStatus:
  Cr‚ation de "cmTC_53a9c.dir\Debug\cmTC_53a9c.tlog\unsuccessfulbuild", car "AlwaysCreate" a ‚t‚ sp‚cifi‚.
ClCompile:
  D:\Program Files (x86)\Microsoft Visual Studio 14.0\VC\bin\CL.exe /c /Zi /W3 /WX- /Od /Ob0 /Oy- /D WIN32 /D _WINDOWS /D _DEBUG /D _LARGEFILE64_SOURCE=1 /D HAVE_SYS_TYPES_H /D HAVE_STDINT_H /D HAVE_STDDEF_H /D "CMAKE_INTDIR=\"Debug\"" /D _MBCS /Gm- /RTC1 /MDd /GS /fp:precise /Zc:wchar_t /Zc:forScope /Zc:inline /Fo"cmTC_53a9c.dir\Debug\\" /Fd"cmTC_53a9c.dir\Debug\vc140.pdb" /Gd /TC /analyze- /errorReport:queue D:\programmation\repo_git\ProjectSungine\Sungine_Games\Example\CMakeFiles\CheckTypeSize\OFF64_T.c
  Compilateur d'optimisation Microsoft (R) C/C++ versionÿ19.00.24215.1 pour x86
  Copyright (C) Microsoft Corporation. Tous droits r‚serv‚s.
  
  cl /c /Zi /W3 /WX- /Od /Ob0 /Oy- /D WIN32 /D _WINDOWS /D _DEBUG /D _LARGEFILE64_SOURCE=1 /D HAVE_SYS_TYPES_H /D HAVE_STDINT_H /D HAVE_STDDEF_H /D "CMAKE_INTDIR=\"Debug\"" /D _MBCS /Gm- /RTC1 /MDd /GS /fp:precise /Zc:wchar_t /Zc:forScope /Zc:inline /Fo"cmTC_53a9c.dir\Debug\\" /Fd"cmTC_53a9c.dir\Debug\vc140.pdb" /Gd /TC /analyze- /errorReport:queue D:\programmation\repo_git\ProjectSungine\Sungine_Games\Example\CMakeFiles\CheckTypeSize\OFF64_T.c
  
  OFF64_T.c
D:\programmation\repo_git\ProjectSungine\Sungine_Games\Example\CMakeFiles\CheckTypeSize\OFF64_T.c(19): error C2065: 'off64_t'ÿ: identificateur non d‚clar‚ [D:\programmation\repo_git\ProjectSungine\Sungine_Games\Example\CMakeFiles\CMakeTmp\cmTC_53a9c.vcxproj]
D:\programmation\repo_git\ProjectSungine\Sungine_Games\Example\CMakeFiles\CheckTypeSize\OFF64_T.c(20): error C2065: 'off64_t'ÿ: identificateur non d‚clar‚ [D:\programmation\repo_git\ProjectSungine\Sungine_Games\Example\CMakeFiles\CMakeTmp\cmTC_53a9c.vcxproj]
D:\programmation\repo_git\ProjectSungine\Sungine_Games\Example\CMakeFiles\CheckTypeSize\OFF64_T.c(21): error C2065: 'off64_t'ÿ: identificateur non d‚clar‚ [D:\programmation\repo_git\ProjectSungine\Sungine_Games\Example\CMakeFiles\CMakeTmp\cmTC_53a9c.vcxproj]
D:\programmation\repo_git\ProjectSungine\Sungine_Games\Example\CMakeFiles\CheckTypeSize\OFF64_T.c(22): error C2065: 'off64_t'ÿ: identificateur non d‚clar‚ [D:\programmation\repo_git\ProjectSungine\Sungine_Games\Example\CMakeFiles\CMakeTmp\cmTC_53a9c.vcxproj]
D:\programmation\repo_git\ProjectSungine\Sungine_Games\Example\CMakeFiles\CheckTypeSize\OFF64_T.c(23): error C2065: 'off64_t'ÿ: identificateur non d‚clar‚ [D:\programmation\repo_git\ProjectSungine\Sungine_Games\Example\CMakeFiles\CMakeTmp\cmTC_53a9c.vcxproj]
G‚n‚ration du projet "D:\programmation\repo_git\ProjectSungine\Sungine_Games\Example\CMakeFiles\CMakeTmp\cmTC_53a9c.vcxproj" termin‚e (cibles par d‚faut) -- CHEC.

CHEC de la build.

"D:\programmation\repo_git\ProjectSungine\Sungine_Games\Example\CMakeFiles\CMakeTmp\cmTC_53a9c.vcxproj" (cible par d‚faut) (1) ->
(ClCompile cible) -> 
  D:\programmation\repo_git\ProjectSungine\Sungine_Games\Example\CMakeFiles\CheckTypeSize\OFF64_T.c(19): error C2065: 'off64_t'ÿ: identificateur non d‚clar‚ [D:\programmation\repo_git\ProjectSungine\Sungine_Games\Example\CMakeFiles\CMakeTmp\cmTC_53a9c.vcxproj]
  D:\programmation\repo_git\ProjectSungine\Sungine_Games\Example\CMakeFiles\CheckTypeSize\OFF64_T.c(20): error C2065: 'off64_t'ÿ: identificateur non d‚clar‚ [D:\programmation\repo_git\ProjectSungine\Sungine_Games\Example\CMakeFiles\CMakeTmp\cmTC_53a9c.vcxproj]
  D:\programmation\repo_git\ProjectSungine\Sungine_Games\Example\CMakeFiles\CheckTypeSize\OFF64_T.c(21): error C2065: 'off64_t'ÿ: identificateur non d‚clar‚ [D:\programmation\repo_git\ProjectSungine\Sungine_Games\Example\CMakeFiles\CMakeTmp\cmTC_53a9c.vcxproj]
  D:\programmation\repo_git\ProjectSungine\Sungine_Games\Example\CMakeFiles\CheckTypeSize\OFF64_T.c(22): error C2065: 'off64_t'ÿ: identificateur non d‚clar‚ [D:\programmation\repo_git\ProjectSungine\Sungine_Games\Example\CMakeFiles\CMakeTmp\cmTC_53a9c.vcxproj]
  D:\programmation\repo_git\ProjectSungine\Sungine_Games\Example\CMakeFiles\CheckTypeSize\OFF64_T.c(23): error C2065: 'off64_t'ÿ: identificateur non d‚clar‚ [D:\programmation\repo_git\ProjectSungine\Sungine_Games\Example\CMakeFiles\CMakeTmp\cmTC_53a9c.vcxproj]

    0 Avertissement(s)
    5 Erreur(s)

Temps ‚coul‚ 00:00:00.38

D:/programmation/repo_git/ProjectSungine/Sungine_Games/Example/CMakeFiles/CheckTypeSize/OFF64_T.c:
#include <sys/types.h>
#include <stdint.h>
#include <stddef.h>


#undef KEY
#if defined(__i386)
# define KEY '_','_','i','3','8','6'
#elif defined(__x86_64)
# define KEY '_','_','x','8','6','_','6','4'
#elif defined(__ppc__)
# define KEY '_','_','p','p','c','_','_'
#elif defined(__ppc64__)
# define KEY '_','_','p','p','c','6','4','_','_'
#endif

#define SIZE (sizeof(off64_t))
char info_size[] =  {'I', 'N', 'F', 'O', ':', 's','i','z','e','[',
  ('0' + ((SIZE / 10000)%10)),
  ('0' + ((SIZE / 1000)%10)),
  ('0' + ((SIZE / 100)%10)),
  ('0' + ((SIZE / 10)%10)),
  ('0' +  (SIZE    % 10)),
  ']',
#ifdef KEY
  ' ','k','e','y','[', KEY, ']',
#endif
  '\0'};

#ifdef __CLASSIC_C__
int main(argc, argv) int argc; char *argv[];
#else
int main(int argc, char *argv[])
#endif
{
  int require = 0;
  require += info_size[argc];
  (void)argv;
  return require;
}


Determining if the function fseeko exists failed with the following output:
Change Dir: D:/programmation/repo_git/ProjectSungine/Sungine_Games/Example/CMakeFiles/CMakeTmp

Run Build Command:"C:/Program Files (x86)/MSBuild/14.0/bin/MSBuild.exe" "cmTC_4176c.vcxproj" "/p:Configuration=Debug" "/p:VisualStudioVersion=14.0"
Microsoft (R) Build Engine, version 14.0.25420.1
Copyright (C) Microsoft Corporation. Tous droits r‚serv‚s.

La g‚n‚ration a d‚marr‚ 24/05/2017 15:04:02.
Projet "D:\programmation\repo_git\ProjectSungine\Sungine_Games\Example\CMakeFiles\CMakeTmp\cmTC_4176c.vcxproj" sur le noud 1 (cibles par d‚faut).
PrepareForBuild:
  Cr‚ation du r‚pertoire "cmTC_4176c.dir\Debug\".
  Cr‚ation du r‚pertoire "D:\programmation\repo_git\ProjectSungine\Sungine_Games\Example\CMakeFiles\CMakeTmp\Debug\".
  Cr‚ation du r‚pertoire "cmTC_4176c.dir\Debug\cmTC_4176c.tlog\".
InitializeBuildStatus:
  Cr‚ation de "cmTC_4176c.dir\Debug\cmTC_4176c.tlog\unsuccessfulbuild", car "AlwaysCreate" a ‚t‚ sp‚cifi‚.
ClCompile:
  D:\Program Files (x86)\Microsoft Visual Studio 14.0\VC\bin\CL.exe /c /Zi /W3 /WX- /Od /Ob0 /Oy- /D WIN32 /D _WINDOWS /D CHECK_FUNCTION_EXISTS=fseeko /D _DEBUG /D "CMAKE_INTDIR=\"Debug\"" /D _MBCS /Gm- /RTC1 /MDd /GS /fp:precise /Zc:wchar_t /Zc:forScope /Zc:inline /Fo"cmTC_4176c.dir\Debug\\" /Fd"cmTC_4176c.dir\Debug\vc140.pdb" /Gd /TC /analyze- /errorReport:queue "C:\Program Files\CMake\share\cmake-3.6\Modules\CheckFunctionExists.c"
  Compilateur d'optimisation Microsoft (R) C/C++ versionÿ19.00.24215.1 pour x86
  Copyright (C) Microsoft Corporation. Tous droits r‚serv‚s.
  
  cl /c /Zi /W3 /WX- /Od /Ob0 /Oy- /D WIN32 /D _WINDOWS /D CHECK_FUNCTION_EXISTS=fseeko /D _DEBUG /D "CMAKE_INTDIR=\"Debug\"" /D _MBCS /Gm- /RTC1 /MDd /GS /fp:precise /Zc:wchar_t /Zc:forScope /Zc:inline /Fo"cmTC_4176c.dir\Debug\\" /Fd"cmTC_4176c.dir\Debug\vc140.pdb" /Gd /TC /analyze- /errorReport:queue "C:\Program Files\CMake\share\cmake-3.6\Modules\CheckFunctionExists.c"
  
  CheckFunctionExists.c
Link:
  D:\Program Files (x86)\Microsoft Visual Studio 14.0\VC\bin\link.exe /ERRORREPORT:QUEUE /OUT:"D:\programmation\repo_git\ProjectSungine\Sungine_Games\Example\CMakeFiles\CMakeTmp\Debug\cmTC_4176c.exe" /INCREMENTAL /NOLOGO kernel32.lib user32.lib gdi32.lib winspool.lib shell32.lib ole32.lib oleaut32.lib uuid.lib comdlg32.lib advapi32.lib /MANIFEST /MANIFESTUAC:"level='asInvoker' uiAccess='false'" /manifest:embed /DEBUG /PDB:"D:/programmation/repo_git/ProjectSungine/Sungine_Games/Example/CMakeFiles/CMakeTmp/Debug/cmTC_4176c.pdb" /SUBSYSTEM:CONSOLE /TLBID:1 /DYNAMICBASE /NXCOMPAT /IMPLIB:"D:/programmation/repo_git/ProjectSungine/Sungine_Games/Example/CMakeFiles/CMakeTmp/Debug/cmTC_4176c.lib" /MACHINE:X86 /SAFESEH  /machine:X86 cmTC_4176c.dir\Debug\CheckFunctionExists.obj
CheckFunctionExists.obj : error LNK2019: symbole externe non résolu _fseeko référencé dans la fonction _main [D:\programmation\repo_git\ProjectSungine\Sungine_Games\Example\CMakeFiles\CMakeTmp\cmTC_4176c.vcxproj]
D:\programmation\repo_git\ProjectSungine\Sungine_Games\Example\CMakeFiles\CMakeTmp\Debug\cmTC_4176c.exe : fatal error LNK1120: 1 externes non résolus [D:\programmation\repo_git\ProjectSungine\Sungine_Games\Example\CMakeFiles\CMakeTmp\cmTC_4176c.vcxproj]
G‚n‚ration du projet "D:\programmation\repo_git\ProjectSungine\Sungine_Games\Example\CMakeFiles\CMakeTmp\cmTC_4176c.vcxproj" termin‚e (cibles par d‚faut) -- CHEC.

CHEC de la build.

"D:\programmation\repo_git\ProjectSungine\Sungine_Games\Example\CMakeFiles\CMakeTmp\cmTC_4176c.vcxproj" (cible par d‚faut) (1) ->
(Link cible) -> 
  CheckFunctionExists.obj : error LNK2019: symbole externe non résolu _fseeko référencé dans la fonction _main [D:\programmation\repo_git\ProjectSungine\Sungine_Games\Example\CMakeFiles\CMakeTmp\cmTC_4176c.vcxproj]
  D:\programmation\repo_git\ProjectSungine\Sungine_Games\Example\CMakeFiles\CMakeTmp\Debug\cmTC_4176c.exe : fatal error LNK1120: 1 externes non résolus [D:\programmation\repo_git\ProjectSungine\Sungine_Games\Example\CMakeFiles\CMakeTmp\cmTC_4176c.vcxproj]

    0 Avertissement(s)
    2 Erreur(s)

Temps ‚coul‚ 00:00:00.58


Determining if the include file unistd.h exists failed with the following output:
Change Dir: D:/programmation/repo_git/ProjectSungine/Sungine_Games/Example/CMakeFiles/CMakeTmp

Run Build Command:"C:/Program Files (x86)/MSBuild/14.0/bin/MSBuild.exe" "cmTC_0ed4c.vcxproj" "/p:Configuration=Debug" "/p:VisualStudioVersion=14.0"
Microsoft (R) Build Engine, version 14.0.25420.1
Copyright (C) Microsoft Corporation. Tous droits r‚serv‚s.

La g‚n‚ration a d‚marr‚ 24/05/2017 15:04:03.
Projet "D:\programmation\repo_git\ProjectSungine\Sungine_Games\Example\CMakeFiles\CMakeTmp\cmTC_0ed4c.vcxproj" sur le noud 1 (cibles par d‚faut).
PrepareForBuild:
  Cr‚ation du r‚pertoire "cmTC_0ed4c.dir\Debug\".
  Cr‚ation du r‚pertoire "D:\programmation\repo_git\ProjectSungine\Sungine_Games\Example\CMakeFiles\CMakeTmp\Debug\".
  Cr‚ation du r‚pertoire "cmTC_0ed4c.dir\Debug\cmTC_0ed4c.tlog\".
InitializeBuildStatus:
  Cr‚ation de "cmTC_0ed4c.dir\Debug\cmTC_0ed4c.tlog\unsuccessfulbuild", car "AlwaysCreate" a ‚t‚ sp‚cifi‚.
ClCompile:
  D:\Program Files (x86)\Microsoft Visual Studio 14.0\VC\bin\CL.exe /c /Zi /W3 /WX- /Od /Ob0 /Oy- /D WIN32 /D _WINDOWS /D _DEBUG /D "CMAKE_INTDIR=\"Debug\"" /D _MBCS /Gm- /RTC1 /MDd /GS /fp:precise /Zc:wchar_t /Zc:forScope /Zc:inline /Fo"cmTC_0ed4c.dir\Debug\\" /Fd"cmTC_0ed4c.dir\Debug\vc140.pdb" /Gd /TC /analyze- /errorReport:queue D:\programmation\repo_git\ProjectSungine\Sungine_Games\Example\CMakeFiles\CMakeTmp\CheckIncludeFile.c
  Compilateur d'optimisation Microsoft (R) C/C++ versionÿ19.00.24215.1 pour x86
  Copyright (C) Microsoft Corporation. Tous droits r‚serv‚s.
  
  cl /c /Zi /W3 /WX- /Od /Ob0 /Oy- /D WIN32 /D _WINDOWS /D _DEBUG /D "CMAKE_INTDIR=\"Debug\"" /D _MBCS /Gm- /RTC1 /MDd /GS /fp:precise /Zc:wchar_t /Zc:forScope /Zc:inline /Fo"cmTC_0ed4c.dir\Debug\\" /Fd"cmTC_0ed4c.dir\Debug\vc140.pdb" /Gd /TC /analyze- /errorReport:queue D:\programmation\repo_git\ProjectSungine\Sungine_Games\Example\CMakeFiles\CMakeTmp\CheckIncludeFile.c
  
  CheckIncludeFile.c
D:\programmation\repo_git\ProjectSungine\Sungine_Games\Example\CMakeFiles\CMakeTmp\CheckIncludeFile.c(1): fatal error C1083: Impossible d'ouvrir le fichier includeÿ: 'unistd.h'ÿ: No such file or directory [D:\programmation\repo_git\ProjectSungine\Sungine_Games\Example\CMakeFiles\CMakeTmp\cmTC_0ed4c.vcxproj]
G‚n‚ration du projet "D:\programmation\repo_git\ProjectSungine\Sungine_Games\Example\CMakeFiles\CMakeTmp\cmTC_0ed4c.vcxproj" termin‚e (cibles par d‚faut) -- CHEC.

CHEC de la build.

"D:\programmation\repo_git\ProjectSungine\Sungine_Games\Example\CMakeFiles\CMakeTmp\cmTC_0ed4c.vcxproj" (cible par d‚faut) (1) ->
(ClCompile cible) -> 
  D:\programmation\repo_git\ProjectSungine\Sungine_Games\Example\CMakeFiles\CMakeTmp\CheckIncludeFile.c(1): fatal error C1083: Impossible d'ouvrir le fichier includeÿ: 'unistd.h'ÿ: No such file or directory [D:\programmation\repo_git\ProjectSungine\Sungine_Games\Example\CMakeFiles\CMakeTmp\cmTC_0ed4c.vcxproj]

    0 Avertissement(s)
    1 Erreur(s)

Temps ‚coul‚ 00:00:00.33


